<?xml version="1.0" encoding="UTF-8"?>
<!-- Generated by org.testng.reporters.JUnitReportReporter -->
<testsuite hostname="JIM-TI8227" name="TestCases.BookCart_TestCase" tests="1" failures="0" timestamp="30 Oct 2015 07:08:38 GMT" time="47.933" errors="0">
  <testcase name="add2Cart" time="47.933" classname="TestCases.BookCart_TestCase"/>
</testsuite> <!-- TestCases.BookCart_TestCase -->
