<?xml version="1.0" encoding="UTF-8"?>
<!-- Generated by org.testng.reporters.JUnitReportReporter -->
<testsuite hostname="JIM-TI8227" name="TestCases.LoginTestcase" tests="7" failures="0" timestamp="30 Oct 2015 07:08:38 GMT" time="182.899" errors="0">
  <testcase name="Invalid_login_Test" time="24.132" classname="TestCases.LoginTestcase"/>
  <testcase name="Invalid_login_Test" time="24.479" classname="TestCases.LoginTestcase"/>
  <testcase name="Invalid_login_Test" time="22.574" classname="TestCases.LoginTestcase"/>
  <testcase name="Invalid_login_Test" time="24.131" classname="TestCases.LoginTestcase"/>
  <testcase name="Invalid_login_Test" time="36.920" classname="TestCases.LoginTestcase"/>
  <testcase name="valid_login" time="24.024" classname="TestCases.LoginTestcase"/>
  <testcase name="Invalid_login_Test" time="26.639" classname="TestCases.LoginTestcase"/>
</testsuite> <!-- TestCases.LoginTestcase -->
